drmohan/changebuild/app/intermediates/manifest_merge_blame_file/debug/manifest-merger-blame-debug-report.txt
1<?xml version="1.0" encoding="utf-8"?>
2<manifest xmlns:android="http://schemas.android.com/apk/res/android"
3    package="com.rihasofttech.drmohan"
4    android:versionCode="1"
5    android:versionName="1.0.0" >
6
7    <uses-sdk
8        android:minSdkVersion="20"
9        android:targetSdkVersion="31" />
10    <!--
11         Flutter needs it to communicate with the running application
12         to allow setting breakpoints, to provide hot reload, etc.
13    -->
14    <uses-permission android:name="android.permission.INTERNET" />
14-->src\main\AndroidManifest.xml:3:5-67
14-->src\main\AndroidManifest.xml:3:22-64
15    <uses-permission android:name="android.permission.ACCESS_FINE_LOCATION" />
15-->src\main\AndroidManifest.xml:4:5-79
15-->src\main\AndroidManifest.xml:4:22-76
16    <uses-permission android:name="android.permission.ACCESS_COARSE_LOCATION" /> <!-- Include required permissions for Google Maps API to run. -->
16-->src\main\AndroidManifest.xml:5:5-81
16-->src\main\AndroidManifest.xml:5:22-78
17    <uses-permission android:name="android.permission.ACCESS_NETWORK_STATE" />
17-->[com.google.android.gms:play-services-maps:17.0.0] AndroidManifest.xml:23:5-79
17-->[com.google.android.gms:play-services-maps:17.0.0] AndroidManifest.xml:23:22-76
18
19    <uses-feature
19-->[com.google.android.gms:play-services-maps:17.0.0] AndroidManifest.xml:26:5-28:35
20        android:glEsVersion="0x00020000"
20-->[com.google.android.gms:play-services-maps:17.0.0] AndroidManifest.xml:27:9-41
21        android:required="true" />
21-->[com.google.android.gms:play-services-maps:17.0.0] AndroidManifest.xml:28:9-32
22
23    <application
24        android:name="android.app.Application"
25        android:appComponentFactory="androidx.core.app.CoreComponentFactory"
25-->[androidx.core:core:1.6.0] AndroidManifest.xml:24:18-86
26        android:debuggable="true"
27        android:icon="@mipmap/ic_launcher"
28        android:label="drmohan" >
29
30        <!-- TODO: Add your Google Maps API key here -->
31        <meta-data
32            android:name="com.google.android.geo.API_KEY"
33            android:value="AIzaSyBW9oWaWn2q4Gj5LeQ7T1H6zGyo8ivTqwU" />
34
35        <activity
36            android:name="com.rihasofttech.drmohan.MainActivity"
37            android:configChanges="orientation|keyboardHidden|keyboard|screenSize|smallestScreenSize|locale|layoutDirection|fontScale|screenLayout|density|uiMode"
38            android:exported="true"
39            android:hardwareAccelerated="true"
40            android:launchMode="singleTop"
41            android:theme="@style/LaunchTheme"
42            android:windowSoftInputMode="adjustResize" >
43
44            <!--
45                 Specifies an Android theme to apply to this Activity as soon as
46                 the Android process has started. This theme is visible to the user
47                 while the Flutter UI initializes. After that, this theme continues
48                 to determine the Window background behind the Flutter UI.
49            -->
50            <meta-data
51                android:name="io.flutter.embedding.android.NormalTheme"
52                android:resource="@style/NormalTheme" />
53
54            <intent-filter>
55                <action android:name="android.intent.action.MAIN" />
55-->[com.razorpay:checkout:1.6.15] AndroidManifest.xml:23:17-69
55-->[com.razorpay:checkout:1.6.15] AndroidManifest.xml:23:25-66
56
57                <category android:name="android.intent.category.LAUNCHER" />
58            </intent-filter>
59        </activity>
60        <!--
61             Don't delete the meta-data below.
62             This is used by the Flutter tool to generate GeneratedPluginRegistrant.java
63        -->
64        <meta-data
65            android:name="flutterEmbedding"
66            android:value="2" />
67
68        <activity
68-->[:razorpay_flutter] AndroidManifest.xml:8:9-12:20
69            android:name="com.razorpay.CheckoutActivity"
69-->[:razorpay_flutter] AndroidManifest.xml:9:13-57
70            android:configChanges="keyboard|keyboardHidden|orientation|screenSize"
70-->[com.razorpay:checkout:1.6.15] AndroidManifest.xml:20:13-83
71            android:exported="false"
71-->[:razorpay_flutter] AndroidManifest.xml:10:13-37
72            android:label="Razorpay Checkout"
72-->[:razorpay_flutter] AndroidManifest.xml:11:13-46
73            android:theme="@style/CheckoutTheme" >
73-->[com.razorpay:checkout:1.6.15] AndroidManifest.xml:21:13-49
74            <intent-filter>
74-->[com.razorpay:checkout:1.6.15] AndroidManifest.xml:22:13-28:29
75                <action android:name="android.intent.action.MAIN" />
75-->[com.razorpay:checkout:1.6.15] AndroidManifest.xml:23:17-69
75-->[com.razorpay:checkout:1.6.15] AndroidManifest.xml:23:25-66
76
77                <data
77-->[com.razorpay:checkout:1.6.15] AndroidManifest.xml:25:17-27:47
78                    android:host="rzp.io"
78-->[com.razorpay:checkout:1.6.15] AndroidManifest.xml:26:21-42
79                    android:scheme="io.rzp" />
79-->[com.razorpay:checkout:1.6.15] AndroidManifest.xml:27:21-44
80            </intent-filter>
81        </activity>
82
83        <receiver
83-->[:razorpay_flutter] AndroidManifest.xml:14:9-20:20
84            android:name="com.razorpay.RzpTokenReceiver"
84-->[:razorpay_flutter] AndroidManifest.xml:15:13-57
85            android:exported="false" >
85-->[:razorpay_flutter] AndroidManifest.xml:16:13-37
86            <intent-filter>
86-->[:razorpay_flutter] AndroidManifest.xml:17:13-19:29
87                <action android:name="rzp.device_token.share" />
87-->[:razorpay_flutter] AndroidManifest.xml:18:17-65
87-->[:razorpay_flutter] AndroidManifest.xml:18:25-62
88            </intent-filter>
89        </receiver>
90
91        <meta-data
91-->[com.razorpay:checkout:1.6.15] AndroidManifest.xml:31:9-33:58
92            android:name="com.razorpay.plugin.googlepay_all"
92-->[com.razorpay:checkout:1.6.15] AndroidManifest.xml:32:13-61
93            android:value="com.razorpay.RzpGpayMerged" /> <!-- Needs to be explicitly declared on P+ -->
93-->[com.razorpay:checkout:1.6.15] AndroidManifest.xml:33:13-55
94        <uses-library
94-->[com.google.android.gms:play-services-maps:17.0.0] AndroidManifest.xml:33:9-35:40
95            android:name="org.apache.http.legacy"
95-->[com.google.android.gms:play-services-maps:17.0.0] AndroidManifest.xml:34:13-50
96            android:required="false" />
96-->[com.google.android.gms:play-services-maps:17.0.0] AndroidManifest.xml:35:13-37
97
98        <activity
98-->[com.google.android.gms:play-services-auth:17.0.0] AndroidManifest.xml:23:9-27:75
99            android:name="com.google.android.gms.auth.api.signin.internal.SignInHubActivity"
99-->[com.google.android.gms:play-services-auth:17.0.0] AndroidManifest.xml:24:13-93
100            android:excludeFromRecents="true"
100-->[com.google.android.gms:play-services-auth:17.0.0] AndroidManifest.xml:25:13-46
101            android:exported="false"
101-->[com.google.android.gms:play-services-auth:17.0.0] AndroidManifest.xml:26:13-37
102            android:theme="@android:style/Theme.Translucent.NoTitleBar" />
102-->[com.google.android.gms:play-services-auth:17.0.0] AndroidManifest.xml:27:13-72
103        <!--
104            Service handling Google Sign-In user revocation. For apps that do not integrate with
105            Google Sign-In, this service will never be started.
106        -->
107        <service
107-->[com.google.android.gms:play-services-auth:17.0.0] AndroidManifest.xml:33:9-36:110
108            android:name="com.google.android.gms.auth.api.signin.RevocationBoundService"
108-->[com.google.android.gms:play-services-auth:17.0.0] AndroidManifest.xml:34:13-89
109            android:exported="true"
109-->[com.google.android.gms:play-services-auth:17.0.0] AndroidManifest.xml:35:13-36
110            android:permission="com.google.android.gms.auth.api.signin.permission.REVOCATION_NOTIFICATION" />
110-->[com.google.android.gms:play-services-auth:17.0.0] AndroidManifest.xml:36:13-107
111
112        <activity
112-->[com.google.android.gms:play-services-base:17.5.0] AndroidManifest.xml:23:9-26:75
113            android:name="com.google.android.gms.common.api.GoogleApiActivity"
113-->[com.google.android.gms:play-services-base:17.5.0] AndroidManifest.xml:24:13-79
114            android:exported="false"
114-->[com.google.android.gms:play-services-base:17.5.0] AndroidManifest.xml:25:13-37
115            android:theme="@android:style/Theme.Translucent.NoTitleBar" />
115-->[com.google.android.gms:play-services-base:17.5.0] AndroidManifest.xml:26:13-72
116
117        <meta-data
117-->[com.google.android.gms:play-services-basement:17.6.0] AndroidManifest.xml:23:9-25:69
118            android:name="com.google.android.gms.version"
118-->[com.google.android.gms:play-services-basement:17.6.0] AndroidManifest.xml:24:13-58
119            android:value="@integer/google_play_services_version" />
119-->[com.google.android.gms:play-services-basement:17.6.0] AndroidManifest.xml:25:13-66
120    </application>
121
122</manifest>